2024-04-08 15:09:10,044 [Worker-4: Loading available Gradle versions] INFO  o.e.b.c.i.u.g.PublishedGradleVersions - Gradle version information cache is up-to-date. Trying to read.
2024-04-08 16:37:06,166 [Worker-29: Enabling Maven Dependency Management] INFO  o.e.m.c.i.l.LifecycleMappingFactory - Using org.eclipse.m2e.jdt.JarLifecycleMapping lifecycle mapping for MavenProject: ch01.diproject:ch01:0.0.1-SNAPSHOT @ C:\spworks\ch01\pom.xml.
2024-04-08 16:37:07,574 [Worker-27: Building] WARN  o.e.m.c.i.embedder.EclipseLogger - Using platform encoding (MS949 actually) to copy filtered resources, i.e. build is platform dependent!
2024-04-08 16:37:07,580 [Worker-27: Building] INFO  o.e.m.c.i.embedder.EclipseLogger - Copying 1 resource
2024-04-08 16:37:07,591 [Worker-27: Building] WARN  o.e.m.c.i.embedder.EclipseLogger - Using platform encoding (MS949 actually) to copy filtered resources, i.e. build is platform dependent!
2024-04-08 16:37:07,592 [Worker-27: Building] INFO  o.e.m.c.i.embedder.EclipseLogger - skip non existing resourceDirectory C:\spworks\ch01\src\test\resources
2024-04-08 16:37:07,608 [Worker-29: Enabling Maven Dependency Management] INFO  o.e.m.j.i.AbstractJavaProjectConfigurator - Adding source folder /ch01/src
2024-04-08 16:37:07,608 [Worker-29: Enabling Maven Dependency Management] INFO  o.e.m.j.i.AbstractJavaProjectConfigurator - Resources folder /ch01/src overlaps with sources folder /ch01/src
2024-04-08 16:37:07,611 [Worker-29: Enabling Maven Dependency Management] INFO  o.e.m.j.i.AbstractJavaProjectConfigurator - Not adding source folder /ch01/src/test/java because it overlaps with /ch01/src
2024-04-08 16:37:07,761 [Worker-29: Enabling Maven Dependency Management] INFO  o.e.m.c.i.p.ProjectConfigurationManager - Update started
2024-04-08 16:37:08,014 [Worker-29: Enabling Maven Dependency Management] INFO  o.e.m.c.i.l.LifecycleMappingFactory - Using org.eclipse.m2e.jdt.JarLifecycleMapping lifecycle mapping for MavenProject: ch01.diproject:ch01:0.0.1-SNAPSHOT @ C:\spworks\ch01\pom.xml.
2024-04-08 16:37:08,155 [Worker-29: Enabling Maven Dependency Management] INFO  o.e.m.j.i.AbstractJavaProjectConfigurator - Adding source folder /ch01/src
2024-04-08 16:37:08,155 [Worker-29: Enabling Maven Dependency Management] INFO  o.e.m.j.i.AbstractJavaProjectConfigurator - Resources folder /ch01/src overlaps with sources folder /ch01/src
2024-04-08 16:37:08,158 [Worker-29: Enabling Maven Dependency Management] INFO  o.e.m.j.i.AbstractJavaProjectConfigurator - Not adding source folder /ch01/src/test/java because it overlaps with /ch01/src
2024-04-08 16:37:08,189 [Worker-29: Enabling Maven Dependency Management] INFO  o.e.m.c.i.p.ProjectConfigurationManager - Update completed: 0 sec
2024-04-08 16:37:08,338 [Worker-29: Building] WARN  o.e.m.c.i.embedder.EclipseLogger - Using platform encoding (MS949 actually) to copy filtered resources, i.e. build is platform dependent!
2024-04-08 16:37:08,341 [Worker-29: Building] INFO  o.e.m.c.i.embedder.EclipseLogger - Copying 1 resource
2024-04-08 16:37:08,350 [Worker-29: Building] WARN  o.e.m.c.i.embedder.EclipseLogger - Using platform encoding (MS949 actually) to copy filtered resources, i.e. build is platform dependent!
2024-04-08 16:37:08,351 [Worker-29: Building] INFO  o.e.m.c.i.embedder.EclipseLogger - skip non existing resourceDirectory C:\spworks\ch01\src\test\resources
2024-04-08 16:39:06,019 [Worker-38: Building] INFO  o.e.m.c.i.l.LifecycleMappingFactory - Using org.eclipse.m2e.jdt.JarLifecycleMapping lifecycle mapping for MavenProject: ch01.diproject:ch01:0.0.1-SNAPSHOT @ C:\spworks\ch01\pom.xml.
2024-04-08 16:39:06,153 [Worker-38: Building] WARN  o.e.m.c.i.embedder.EclipseLogger - Using platform encoding (MS949 actually) to copy filtered resources, i.e. build is platform dependent!
2024-04-08 16:39:06,155 [Worker-38: Building] INFO  o.e.m.c.i.embedder.EclipseLogger - Copying 0 resource
2024-04-08 16:39:06,156 [Worker-38: Building] WARN  o.e.m.c.i.embedder.EclipseLogger - Using platform encoding (MS949 actually) to copy filtered resources, i.e. build is platform dependent!
2024-04-08 16:39:06,157 [Worker-38: Building] INFO  o.e.m.c.i.embedder.EclipseLogger - skip non existing resourceDirectory C:\spworks\ch01\src\test\resources
2024-04-08 16:40:06,303 [Worker-30: Updating Maven Project] INFO  o.e.m.c.i.p.ProjectConfigurationManager - Update started
2024-04-08 16:40:06,474 [Worker-30: Updating Maven Project] INFO  o.e.m.c.i.l.LifecycleMappingFactory - Using org.eclipse.m2e.jdt.JarLifecycleMapping lifecycle mapping for MavenProject: ch01.diproject:ch01:0.0.1-SNAPSHOT @ C:\spworks\ch01\pom.xml.
2024-04-08 16:40:06,585 [Worker-30: Updating Maven Project] INFO  o.e.m.j.i.AbstractJavaProjectConfigurator - Adding source folder /ch01/src
2024-04-08 16:40:06,586 [Worker-30: Updating Maven Project] INFO  o.e.m.j.i.AbstractJavaProjectConfigurator - Resources folder /ch01/src overlaps with sources folder /ch01/src
2024-04-08 16:40:06,586 [Worker-30: Updating Maven Project] INFO  o.e.m.j.i.AbstractJavaProjectConfigurator - Not adding source folder /ch01/src/test/java because it overlaps with /ch01/src
2024-04-08 16:40:06,635 [Worker-30: Updating Maven Project] INFO  o.e.m.c.i.p.ProjectConfigurationManager - Update completed: 0 sec
2024-04-08 16:40:06,777 [Worker-30: Building] WARN  o.e.m.c.i.embedder.EclipseLogger - Using platform encoding (MS949 actually) to copy filtered resources, i.e. build is platform dependent!
2024-04-08 16:40:06,779 [Worker-30: Building] INFO  o.e.m.c.i.embedder.EclipseLogger - Copying 1 resource
2024-04-08 16:40:06,789 [Worker-30: Building] WARN  o.e.m.c.i.embedder.EclipseLogger - Using platform encoding (MS949 actually) to copy filtered resources, i.e. build is platform dependent!
2024-04-08 16:40:06,790 [Worker-30: Building] INFO  o.e.m.c.i.embedder.EclipseLogger - skip non existing resourceDirectory C:\spworks\ch01\src\test\resources
2024-04-08 16:40:15,428 [Worker-27: Updating Maven Project] INFO  o.e.m.c.i.p.ProjectConfigurationManager - Update started
2024-04-08 16:40:15,600 [Worker-27: Updating Maven Project] INFO  o.e.m.c.i.l.LifecycleMappingFactory - Using org.eclipse.m2e.jdt.JarLifecycleMapping lifecycle mapping for MavenProject: ch01.diproject:ch01:0.0.1-SNAPSHOT @ C:\spworks\ch01\pom.xml.
2024-04-08 16:40:15,690 [Worker-27: Updating Maven Project] INFO  o.e.m.j.i.AbstractJavaProjectConfigurator - Adding source folder /ch01/src
2024-04-08 16:40:15,690 [Worker-27: Updating Maven Project] INFO  o.e.m.j.i.AbstractJavaProjectConfigurator - Resources folder /ch01/src overlaps with sources folder /ch01/src
2024-04-08 16:40:15,690 [Worker-27: Updating Maven Project] INFO  o.e.m.j.i.AbstractJavaProjectConfigurator - Not adding source folder /ch01/src/test/java because it overlaps with /ch01/src
2024-04-08 16:40:15,732 [Worker-27: Updating Maven Project] INFO  o.e.m.c.i.p.ProjectConfigurationManager - Update completed: 0 sec
2024-04-08 16:40:15,875 [Worker-30: Building] WARN  o.e.m.c.i.embedder.EclipseLogger - Using platform encoding (MS949 actually) to copy filtered resources, i.e. build is platform dependent!
2024-04-08 16:40:15,876 [Worker-30: Building] INFO  o.e.m.c.i.embedder.EclipseLogger - Copying 1 resource
2024-04-08 16:40:15,883 [Worker-30: Building] WARN  o.e.m.c.i.embedder.EclipseLogger - Using platform encoding (MS949 actually) to copy filtered resources, i.e. build is platform dependent!
2024-04-08 16:40:15,884 [Worker-30: Building] INFO  o.e.m.c.i.embedder.EclipseLogger - skip non existing resourceDirectory C:\spworks\ch01\src\test\resources
2024-04-08 16:40:43,266 [Worker-38: Building] WARN  o.e.m.c.i.embedder.EclipseLogger - Using platform encoding (MS949 actually) to copy filtered resources, i.e. build is platform dependent!
2024-04-08 16:40:43,270 [Worker-38: Building] INFO  o.e.m.c.i.embedder.EclipseLogger - Copying 1 resource
2024-04-08 16:40:43,273 [Worker-38: Building] WARN  o.e.m.c.i.embedder.EclipseLogger - Using platform encoding (MS949 actually) to copy filtered resources, i.e. build is platform dependent!
2024-04-08 16:40:43,273 [Worker-38: Building] INFO  o.e.m.c.i.embedder.EclipseLogger - skip non existing resourceDirectory C:\spworks\ch01\src\test\resources
2024-04-08 16:41:10,639 [Worker-32: Building] INFO  o.e.m.c.i.l.LifecycleMappingFactory - Using org.eclipse.m2e.jdt.JarLifecycleMapping lifecycle mapping for MavenProject: ch01.diproject:ch01:0.0.1-SNAPSHOT @ C:\spworks\ch01\pom.xml.
2024-04-08 16:41:10,727 [Worker-32: Building] WARN  o.e.m.c.i.embedder.EclipseLogger - Using platform encoding (MS949 actually) to copy filtered resources, i.e. build is platform dependent!
2024-04-08 16:41:10,730 [Worker-32: Building] INFO  o.e.m.c.i.embedder.EclipseLogger - Copying 0 resource
2024-04-08 16:41:10,731 [Worker-32: Building] WARN  o.e.m.c.i.embedder.EclipseLogger - Using platform encoding (MS949 actually) to copy filtered resources, i.e. build is platform dependent!
2024-04-08 16:41:10,732 [Worker-32: Building] INFO  o.e.m.c.i.embedder.EclipseLogger - skip non existing resourceDirectory C:\spworks\ch01\src\test\resources
2024-04-08 16:41:34,076 [Worker-27: Building] INFO  o.e.m.c.i.l.LifecycleMappingFactory - Using org.eclipse.m2e.jdt.JarLifecycleMapping lifecycle mapping for MavenProject: ch01.diproject:ch01:0.0.1-SNAPSHOT @ C:\spworks\ch01\pom.xml.
2024-04-08 16:41:34,153 [Worker-27: Building] WARN  o.e.m.c.i.embedder.EclipseLogger - Using platform encoding (MS949 actually) to copy filtered resources, i.e. build is platform dependent!
2024-04-08 16:41:34,155 [Worker-27: Building] INFO  o.e.m.c.i.embedder.EclipseLogger - Copying 0 resource
2024-04-08 16:41:34,157 [Worker-27: Building] WARN  o.e.m.c.i.embedder.EclipseLogger - Using platform encoding (MS949 actually) to copy filtered resources, i.e. build is platform dependent!
2024-04-08 16:41:34,157 [Worker-27: Building] INFO  o.e.m.c.i.embedder.EclipseLogger - skip non existing resourceDirectory C:\spworks\ch01\src\test\resources
2024-04-08 16:41:58,629 [Worker-41: Updating Maven Project] INFO  o.e.m.c.i.p.ProjectConfigurationManager - Update started
2024-04-08 16:41:58,772 [Worker-41: Updating Maven Project] INFO  o.e.m.c.i.l.LifecycleMappingFactory - Using org.eclipse.m2e.jdt.JarLifecycleMapping lifecycle mapping for MavenProject: ch01.diproject:ch01:0.0.1-SNAPSHOT @ C:\spworks\ch01\pom.xml.
2024-04-08 16:41:58,858 [Worker-41: Updating Maven Project] INFO  o.e.m.j.i.AbstractJavaProjectConfigurator - Adding source folder /ch01/src
2024-04-08 16:41:58,858 [Worker-41: Updating Maven Project] INFO  o.e.m.j.i.AbstractJavaProjectConfigurator - Resources folder /ch01/src overlaps with sources folder /ch01/src
2024-04-08 16:41:58,858 [Worker-41: Updating Maven Project] INFO  o.e.m.j.i.AbstractJavaProjectConfigurator - Not adding source folder /ch01/src/test/java because it overlaps with /ch01/src
2024-04-08 16:41:58,897 [Worker-41: Updating Maven Project] INFO  o.e.m.c.i.p.ProjectConfigurationManager - Update completed: 0 sec
2024-04-08 16:41:59,038 [Worker-40: Building] WARN  o.e.m.c.i.embedder.EclipseLogger - Using platform encoding (MS949 actually) to copy filtered resources, i.e. build is platform dependent!
2024-04-08 16:41:59,039 [Worker-40: Building] INFO  o.e.m.c.i.embedder.EclipseLogger - Copying 1 resource
2024-04-08 16:41:59,046 [Worker-40: Building] WARN  o.e.m.c.i.embedder.EclipseLogger - Using platform encoding (MS949 actually) to copy filtered resources, i.e. build is platform dependent!
2024-04-08 16:41:59,047 [Worker-40: Building] INFO  o.e.m.c.i.embedder.EclipseLogger - skip non existing resourceDirectory C:\spworks\ch01\src\test\resources
2024-04-08 16:42:16,224 [Worker-32: Building] WARN  o.e.m.c.i.embedder.EclipseLogger - Using platform encoding (MS949 actually) to copy filtered resources, i.e. build is platform dependent!
2024-04-08 16:42:16,225 [Worker-32: Building] INFO  o.e.m.c.i.embedder.EclipseLogger - Copying 1 resource
2024-04-08 16:42:16,226 [Worker-32: Building] WARN  o.e.m.c.i.embedder.EclipseLogger - Using platform encoding (MS949 actually) to copy filtered resources, i.e. build is platform dependent!
2024-04-08 16:42:16,227 [Worker-32: Building] INFO  o.e.m.c.i.embedder.EclipseLogger - skip non existing resourceDirectory C:\spworks\ch01\src\test\resources
2024-04-08 16:42:35,051 [Worker-32: Building] WARN  o.e.m.c.i.embedder.EclipseLogger - Using platform encoding (MS949 actually) to copy filtered resources, i.e. build is platform dependent!
2024-04-08 16:42:35,054 [Worker-32: Building] INFO  o.e.m.c.i.embedder.EclipseLogger - Copying 1 resource
2024-04-08 16:42:35,056 [Worker-32: Building] WARN  o.e.m.c.i.embedder.EclipseLogger - Using platform encoding (MS949 actually) to copy filtered resources, i.e. build is platform dependent!
2024-04-08 16:42:35,056 [Worker-32: Building] INFO  o.e.m.c.i.embedder.EclipseLogger - skip non existing resourceDirectory C:\spworks\ch01\src\test\resources
2024-04-08 16:43:59,442 [Worker-1: Loading available Gradle versions] INFO  o.e.b.c.i.u.g.PublishedGradleVersions - Gradle version information cache is up-to-date. Trying to read.
2024-04-08 16:45:29,126 [Worker-7: Building] INFO  o.e.m.c.i.l.LifecycleMappingFactory - Using org.eclipse.m2e.jdt.JarLifecycleMapping lifecycle mapping for MavenProject: ch01.diproject:ch01:0.0.1-SNAPSHOT @ C:\spworks\ch01\pom.xml.
2024-04-08 16:45:29,453 [Worker-7: Building] WARN  o.e.m.c.i.embedder.EclipseLogger - Using platform encoding (MS949 actually) to copy filtered resources, i.e. build is platform dependent!
2024-04-08 16:45:29,458 [Worker-7: Building] INFO  o.e.m.c.i.embedder.EclipseLogger - Copying 1 resource
2024-04-08 16:45:29,466 [Worker-7: Building] WARN  o.e.m.c.i.embedder.EclipseLogger - Using platform encoding (MS949 actually) to copy filtered resources, i.e. build is platform dependent!
2024-04-08 16:45:29,467 [Worker-7: Building] INFO  o.e.m.c.i.embedder.EclipseLogger - skip non existing resourceDirectory C:\spworks\ch01\src\test\resources
2024-04-08 16:46:46,259 [Worker-2: Building] WARN  o.e.m.c.i.embedder.EclipseLogger - Using platform encoding (MS949 actually) to copy filtered resources, i.e. build is platform dependent!
2024-04-08 16:46:46,265 [Worker-2: Building] INFO  o.e.m.c.i.embedder.EclipseLogger - Copying 1 resource
2024-04-08 16:46:46,268 [Worker-2: Building] WARN  o.e.m.c.i.embedder.EclipseLogger - Using platform encoding (MS949 actually) to copy filtered resources, i.e. build is platform dependent!
2024-04-08 16:46:46,268 [Worker-2: Building] INFO  o.e.m.c.i.embedder.EclipseLogger - skip non existing resourceDirectory C:\spworks\ch01\src\test\resources
2024-04-08 16:47:17,237 [Worker-2: Building] WARN  o.e.m.c.i.embedder.EclipseLogger - Using platform encoding (MS949 actually) to copy filtered resources, i.e. build is platform dependent!
2024-04-08 16:47:17,239 [Worker-2: Building] INFO  o.e.m.c.i.embedder.EclipseLogger - Copying 1 resource
2024-04-08 16:47:17,241 [Worker-2: Building] WARN  o.e.m.c.i.embedder.EclipseLogger - Using platform encoding (MS949 actually) to copy filtered resources, i.e. build is platform dependent!
2024-04-08 16:47:17,242 [Worker-2: Building] INFO  o.e.m.c.i.embedder.EclipseLogger - skip non existing resourceDirectory C:\spworks\ch01\src\test\resources
2024-04-08 16:47:36,259 [Worker-7: Building] INFO  o.e.m.c.i.l.LifecycleMappingFactory - Using org.eclipse.m2e.jdt.JarLifecycleMapping lifecycle mapping for MavenProject: ch01.diproject:ch01:0.0.1-SNAPSHOT @ C:\spworks\ch01\pom.xml.
2024-04-08 16:47:36,430 [Worker-7: Building] WARN  o.e.m.c.i.embedder.EclipseLogger - Using platform encoding (MS949 actually) to copy filtered resources, i.e. build is platform dependent!
2024-04-08 16:47:36,432 [Worker-7: Building] INFO  o.e.m.c.i.embedder.EclipseLogger - Copying 0 resource
2024-04-08 16:47:36,434 [Worker-7: Building] WARN  o.e.m.c.i.embedder.EclipseLogger - Using platform encoding (MS949 actually) to copy filtered resources, i.e. build is platform dependent!
2024-04-08 16:47:36,435 [Worker-7: Building] INFO  o.e.m.c.i.embedder.EclipseLogger - skip non existing resourceDirectory C:\spworks\ch01\src\test\resources
2024-04-08 16:47:43,990 [Worker-5: Building] INFO  o.e.m.c.i.l.LifecycleMappingFactory - Using org.eclipse.m2e.jdt.JarLifecycleMapping lifecycle mapping for MavenProject: ch01.diproject:ch01:0.0.1-SNAPSHOT @ C:\spworks\ch01\pom.xml.
2024-04-08 16:47:44,135 [Worker-5: Building] WARN  o.e.m.c.i.embedder.EclipseLogger - Using platform encoding (MS949 actually) to copy filtered resources, i.e. build is platform dependent!
2024-04-08 16:47:44,137 [Worker-5: Building] INFO  o.e.m.c.i.embedder.EclipseLogger - Copying 0 resource
2024-04-08 16:47:44,138 [Worker-5: Building] WARN  o.e.m.c.i.embedder.EclipseLogger - Using platform encoding (MS949 actually) to copy filtered resources, i.e. build is platform dependent!
2024-04-08 16:47:44,139 [Worker-5: Building] INFO  o.e.m.c.i.embedder.EclipseLogger - skip non existing resourceDirectory C:\spworks\ch01\src\test\resources
2024-04-08 16:48:52,188 [Worker-7: Building] WARN  o.e.m.c.i.embedder.EclipseLogger - Using platform encoding (MS949 actually) to copy filtered resources, i.e. build is platform dependent!
2024-04-08 16:48:52,189 [Worker-7: Building] INFO  o.e.m.c.i.embedder.EclipseLogger - Copying 1 resource
2024-04-08 16:48:52,220 [Worker-7: Building] WARN  o.e.m.c.i.embedder.EclipseLogger - Using platform encoding (MS949 actually) to copy filtered resources, i.e. build is platform dependent!
2024-04-08 16:48:52,221 [Worker-7: Building] INFO  o.e.m.c.i.embedder.EclipseLogger - skip non existing resourceDirectory C:\spworks\ch01\src\test\resources
2024-04-08 16:49:42,722 [Worker-6: Building] WARN  o.e.m.c.i.embedder.EclipseLogger - Using platform encoding (MS949 actually) to copy filtered resources, i.e. build is platform dependent!
2024-04-08 16:49:42,723 [Worker-6: Building] INFO  o.e.m.c.i.embedder.EclipseLogger - Copying 1 resource
2024-04-08 16:49:42,725 [Worker-6: Building] WARN  o.e.m.c.i.embedder.EclipseLogger - Using platform encoding (MS949 actually) to copy filtered resources, i.e. build is platform dependent!
2024-04-08 16:49:42,726 [Worker-6: Building] INFO  o.e.m.c.i.embedder.EclipseLogger - skip non existing resourceDirectory C:\spworks\ch01\src\test\resources
2024-04-08 16:49:54,447 [Worker-6: Building] WARN  o.e.m.c.i.embedder.EclipseLogger - Using platform encoding (MS949 actually) to copy filtered resources, i.e. build is platform dependent!
2024-04-08 16:49:54,449 [Worker-6: Building] INFO  o.e.m.c.i.embedder.EclipseLogger - Copying 1 resource
2024-04-08 16:49:54,450 [Worker-6: Building] WARN  o.e.m.c.i.embedder.EclipseLogger - Using platform encoding (MS949 actually) to copy filtered resources, i.e. build is platform dependent!
2024-04-08 16:49:54,451 [Worker-6: Building] INFO  o.e.m.c.i.embedder.EclipseLogger - skip non existing resourceDirectory C:\spworks\ch01\src\test\resources
2024-04-08 16:50:28,128 [Worker-6: Building] WARN  o.e.m.c.i.embedder.EclipseLogger - Using platform encoding (MS949 actually) to copy filtered resources, i.e. build is platform dependent!
2024-04-08 16:50:28,131 [Worker-6: Building] INFO  o.e.m.c.i.embedder.EclipseLogger - Copying 1 resource
2024-04-08 16:50:28,132 [Worker-6: Building] WARN  o.e.m.c.i.embedder.EclipseLogger - Using platform encoding (MS949 actually) to copy filtered resources, i.e. build is platform dependent!
2024-04-08 16:50:28,133 [Worker-6: Building] INFO  o.e.m.c.i.embedder.EclipseLogger - skip non existing resourceDirectory C:\spworks\ch01\src\test\resources
2024-04-08 16:50:57,870 [Worker-2: Building] INFO  o.e.m.c.i.l.LifecycleMappingFactory - Using org.eclipse.m2e.jdt.JarLifecycleMapping lifecycle mapping for MavenProject: ch01.diproject:ch01:0.0.1-SNAPSHOT @ C:\spworks\ch01\pom.xml.
2024-04-08 16:50:58,005 [Worker-2: Building] WARN  o.e.m.c.i.embedder.EclipseLogger - Using platform encoding (MS949 actually) to copy filtered resources, i.e. build is platform dependent!
2024-04-08 16:50:58,008 [Worker-2: Building] INFO  o.e.m.c.i.embedder.EclipseLogger - Copying 0 resource
2024-04-08 16:50:58,009 [Worker-2: Building] WARN  o.e.m.c.i.embedder.EclipseLogger - Using platform encoding (MS949 actually) to copy filtered resources, i.e. build is platform dependent!
2024-04-08 16:50:58,011 [Worker-2: Building] INFO  o.e.m.c.i.embedder.EclipseLogger - skip non existing resourceDirectory C:\spworks\ch01\src\test\resources
2024-04-08 16:51:04,942 [Worker-2: Building] INFO  o.e.m.c.i.l.LifecycleMappingFactory - Using org.eclipse.m2e.jdt.JarLifecycleMapping lifecycle mapping for MavenProject: ch01.diproject:ch01:0.0.1-SNAPSHOT @ C:\spworks\ch01\pom.xml.
2024-04-08 16:51:05,085 [Worker-2: Building] WARN  o.e.m.c.i.embedder.EclipseLogger - Using platform encoding (MS949 actually) to copy filtered resources, i.e. build is platform dependent!
2024-04-08 16:51:05,087 [Worker-2: Building] INFO  o.e.m.c.i.embedder.EclipseLogger - Copying 0 resource
2024-04-08 16:51:05,088 [Worker-2: Building] WARN  o.e.m.c.i.embedder.EclipseLogger - Using platform encoding (MS949 actually) to copy filtered resources, i.e. build is platform dependent!
2024-04-08 16:51:05,089 [Worker-2: Building] INFO  o.e.m.c.i.embedder.EclipseLogger - skip non existing resourceDirectory C:\spworks\ch01\src\test\resources
2024-04-08 16:51:17,570 [Worker-13: Building] INFO  o.e.m.c.i.l.LifecycleMappingFactory - Using org.eclipse.m2e.jdt.JarLifecycleMapping lifecycle mapping for MavenProject: ch01.diproject:ch01:0.0.1-SNAPSHOT @ C:\spworks\ch01\pom.xml.
2024-04-08 16:51:17,704 [Worker-13: Building] WARN  o.e.m.c.i.embedder.EclipseLogger - Using platform encoding (MS949 actually) to copy filtered resources, i.e. build is platform dependent!
2024-04-08 16:51:17,706 [Worker-13: Building] INFO  o.e.m.c.i.embedder.EclipseLogger - Copying 0 resource
2024-04-08 16:51:17,708 [Worker-13: Building] WARN  o.e.m.c.i.embedder.EclipseLogger - Using platform encoding (MS949 actually) to copy filtered resources, i.e. build is platform dependent!
2024-04-08 16:51:17,709 [Worker-13: Building] INFO  o.e.m.c.i.embedder.EclipseLogger - skip non existing resourceDirectory C:\spworks\ch01\src\test\resources
2024-04-08 16:51:45,917 [Worker-2: Building] WARN  o.e.m.c.i.embedder.EclipseLogger - Using platform encoding (MS949 actually) to copy filtered resources, i.e. build is platform dependent!
2024-04-08 16:51:45,919 [Worker-2: Building] INFO  o.e.m.c.i.embedder.EclipseLogger - Copying 1 resource
2024-04-08 16:51:45,923 [Worker-2: Building] WARN  o.e.m.c.i.embedder.EclipseLogger - Using platform encoding (MS949 actually) to copy filtered resources, i.e. build is platform dependent!
2024-04-08 16:51:45,923 [Worker-2: Building] INFO  o.e.m.c.i.embedder.EclipseLogger - skip non existing resourceDirectory C:\spworks\ch01\src\test\resources
2024-04-08 16:51:51,437 [Worker-6: Building] WARN  o.e.m.c.i.embedder.EclipseLogger - Using platform encoding (MS949 actually) to copy filtered resources, i.e. build is platform dependent!
2024-04-08 16:51:51,439 [Worker-6: Building] INFO  o.e.m.c.i.embedder.EclipseLogger - Copying 1 resource
2024-04-08 16:51:51,440 [Worker-6: Building] WARN  o.e.m.c.i.embedder.EclipseLogger - Using platform encoding (MS949 actually) to copy filtered resources, i.e. build is platform dependent!
2024-04-08 16:51:51,441 [Worker-6: Building] INFO  o.e.m.c.i.embedder.EclipseLogger - skip non existing resourceDirectory C:\spworks\ch01\src\test\resources
2024-04-08 16:52:33,391 [Worker-6: Building] INFO  o.e.m.c.i.l.LifecycleMappingFactory - Using org.eclipse.m2e.jdt.JarLifecycleMapping lifecycle mapping for MavenProject: ch01.diproject:ch01:0.0.1-SNAPSHOT @ C:\spworks\ch01\pom.xml.
2024-04-08 16:52:33,549 [Worker-6: Building] WARN  o.e.m.c.i.embedder.EclipseLogger - Using platform encoding (MS949 actually) to copy filtered resources, i.e. build is platform dependent!
2024-04-08 16:52:33,551 [Worker-6: Building] INFO  o.e.m.c.i.embedder.EclipseLogger - Copying 0 resource
2024-04-08 16:52:33,552 [Worker-6: Building] WARN  o.e.m.c.i.embedder.EclipseLogger - Using platform encoding (MS949 actually) to copy filtered resources, i.e. build is platform dependent!
2024-04-08 16:52:33,553 [Worker-6: Building] INFO  o.e.m.c.i.embedder.EclipseLogger - skip non existing resourceDirectory C:\spworks\ch01\src\test\resources
2024-04-08 16:52:54,700 [Worker-6: Building] INFO  o.e.m.c.i.l.LifecycleMappingFactory - Using org.eclipse.m2e.jdt.JarLifecycleMapping lifecycle mapping for MavenProject: ch01.diproject:ch01:0.0.1-SNAPSHOT @ C:\spworks\ch01\pom.xml.
2024-04-08 16:52:54,834 [Worker-6: Building] WARN  o.e.m.c.i.embedder.EclipseLogger - Using platform encoding (MS949 actually) to copy filtered resources, i.e. build is platform dependent!
2024-04-08 16:52:54,835 [Worker-6: Building] INFO  o.e.m.c.i.embedder.EclipseLogger - Copying 0 resource
2024-04-08 16:52:54,837 [Worker-6: Building] WARN  o.e.m.c.i.embedder.EclipseLogger - Using platform encoding (MS949 actually) to copy filtered resources, i.e. build is platform dependent!
2024-04-08 16:52:54,838 [Worker-6: Building] INFO  o.e.m.c.i.embedder.EclipseLogger - skip non existing resourceDirectory C:\spworks\ch01\src\test\resources
2024-04-08 16:53:23,528 [Worker-6: Updating Maven Project] INFO  o.e.m.c.i.p.ProjectConfigurationManager - Update started
2024-04-08 16:53:23,662 [Worker-6: Updating Maven Project] INFO  o.e.m.c.i.l.LifecycleMappingFactory - Using org.eclipse.m2e.jdt.JarLifecycleMapping lifecycle mapping for MavenProject: ch01.diproject:ch01:0.0.1-SNAPSHOT @ C:\spworks\ch01\pom.xml.
2024-04-08 16:53:23,826 [Worker-6: Updating Maven Project] INFO  o.e.m.j.i.AbstractJavaProjectConfigurator - Adding source folder /ch01/src
2024-04-08 16:53:23,827 [Worker-6: Updating Maven Project] INFO  o.e.m.j.i.AbstractJavaProjectConfigurator - Resources folder /ch01/src overlaps with sources folder /ch01/src
2024-04-08 16:53:23,827 [Worker-6: Updating Maven Project] INFO  o.e.m.j.i.AbstractJavaProjectConfigurator - Not adding source folder /ch01/src/test/java because it overlaps with /ch01/src
2024-04-08 16:53:23,892 [Worker-6: Updating Maven Project] INFO  o.e.m.c.i.p.ProjectConfigurationManager - Update completed: 0 sec
2024-04-08 16:53:24,043 [Worker-7: Building] WARN  o.e.m.c.i.embedder.EclipseLogger - Using platform encoding (MS949 actually) to copy filtered resources, i.e. build is platform dependent!
2024-04-08 16:53:24,044 [Worker-7: Building] INFO  o.e.m.c.i.embedder.EclipseLogger - Copying 1 resource
2024-04-08 16:53:24,052 [Worker-7: Building] WARN  o.e.m.c.i.embedder.EclipseLogger - Using platform encoding (MS949 actually) to copy filtered resources, i.e. build is platform dependent!
2024-04-08 16:53:24,053 [Worker-7: Building] INFO  o.e.m.c.i.embedder.EclipseLogger - skip non existing resourceDirectory C:\spworks\ch01\src\test\resources
2024-04-08 16:53:58,290 [Worker-7: Building] WARN  o.e.m.c.i.embedder.EclipseLogger - Using platform encoding (MS949 actually) to copy filtered resources, i.e. build is platform dependent!
2024-04-08 16:53:58,291 [Worker-7: Building] INFO  o.e.m.c.i.embedder.EclipseLogger - Copying 1 resource
2024-04-08 16:53:58,293 [Worker-7: Building] WARN  o.e.m.c.i.embedder.EclipseLogger - Using platform encoding (MS949 actually) to copy filtered resources, i.e. build is platform dependent!
2024-04-08 16:53:58,294 [Worker-7: Building] INFO  o.e.m.c.i.embedder.EclipseLogger - skip non existing resourceDirectory C:\spworks\ch01\src\test\resources
2024-04-08 16:54:56,374 [Worker-7: Launching Executing install in C__spworks_ch01] INFO  o.e.m.i.launch.MavenLaunchDelegate - C:\spworks\ch01
2024-04-08 16:54:56,376 [Worker-7: Launching Executing install in C__spworks_ch01] INFO  o.e.m.i.launch.MavenLaunchDelegate -  mvn -B install -Dstyle.color=always
2024-04-08 16:55:06,566 [main] INFO  o.e.m2e.actions.ExecutePomAction - Creating new launch configuration
2024-04-08 16:58:07,531 [Worker-5: Building Workspace] WARN  o.e.m.c.i.embedder.EclipseLogger - Using platform encoding (MS949 actually) to copy filtered resources, i.e. build is platform dependent!
2024-04-08 16:58:07,532 [Worker-5: Building Workspace] INFO  o.e.m.c.i.embedder.EclipseLogger - Copying 1 resource
2024-04-08 16:58:07,535 [Worker-5: Building Workspace] WARN  o.e.m.c.i.embedder.EclipseLogger - Using platform encoding (MS949 actually) to copy filtered resources, i.e. build is platform dependent!
2024-04-08 16:58:07,535 [Worker-5: Building Workspace] INFO  o.e.m.c.i.embedder.EclipseLogger - skip non existing resourceDirectory C:\spworks\ch01\src\test\resources
2024-04-08 16:59:00,651 [Worker-6: Loading available Gradle versions] INFO  o.e.b.c.i.u.g.PublishedGradleVersions - Gradle version information cache is up-to-date. Trying to read.
2024-04-08 17:01:55,590 [Worker-7: Updating Maven Project] INFO  o.e.m.c.i.p.ProjectConfigurationManager - Update started
2024-04-08 17:01:56,012 [Worker-7: Updating Maven Project] INFO  o.e.m.c.i.l.LifecycleMappingFactory - Using org.eclipse.m2e.jdt.JarLifecycleMapping lifecycle mapping for MavenProject: ch01.diproject:ch01:0.0.1-SNAPSHOT @ C:\spworks\ch01\pom.xml.
2024-04-08 17:01:56,169 [Worker-7: Updating Maven Project] INFO  o.e.m.c.i.e.AbstractTransferListenerAdapter - Downloading https://repo.maven.apache.org/maven2/org/springframework/spring-context/5.3.33/spring-context-5.3.33.pom
2024-04-08 17:01:56,191 [Worker-7: Updating Maven Project] INFO  o.e.m.c.i.e.AbstractTransferListenerAdapter - Downloaded https://repo.maven.apache.org/maven2/org/springframework/spring-context/5.3.33/spring-context-5.3.33.pom
2024-04-08 17:01:56,201 [Worker-7: Updating Maven Project] INFO  o.e.m.c.i.e.AbstractTransferListenerAdapter - Downloading https://repo.maven.apache.org/maven2/org/springframework/spring-aop/5.3.33/spring-aop-5.3.33.pom
2024-04-08 17:01:56,233 [Worker-7: Updating Maven Project] INFO  o.e.m.c.i.e.AbstractTransferListenerAdapter - Downloaded https://repo.maven.apache.org/maven2/org/springframework/spring-aop/5.3.33/spring-aop-5.3.33.pom
2024-04-08 17:01:56,253 [Worker-7: Updating Maven Project] INFO  o.e.m.c.i.e.AbstractTransferListenerAdapter - Downloading https://repo.maven.apache.org/maven2/org/springframework/spring-beans/5.3.33/spring-beans-5.3.33.pom
2024-04-08 17:01:56,289 [Worker-7: Updating Maven Project] INFO  o.e.m.c.i.e.AbstractTransferListenerAdapter - Downloaded https://repo.maven.apache.org/maven2/org/springframework/spring-beans/5.3.33/spring-beans-5.3.33.pom
2024-04-08 17:01:56,314 [Worker-7: Updating Maven Project] INFO  o.e.m.c.i.e.AbstractTransferListenerAdapter - Downloading https://repo.maven.apache.org/maven2/org/springframework/spring-core/5.3.33/spring-core-5.3.33.pom
2024-04-08 17:01:56,343 [Worker-7: Updating Maven Project] INFO  o.e.m.c.i.e.AbstractTransferListenerAdapter - Downloaded https://repo.maven.apache.org/maven2/org/springframework/spring-core/5.3.33/spring-core-5.3.33.pom
2024-04-08 17:01:56,356 [Worker-7: Updating Maven Project] INFO  o.e.m.c.i.e.AbstractTransferListenerAdapter - Downloading https://repo.maven.apache.org/maven2/org/springframework/spring-jcl/5.3.33/spring-jcl-5.3.33.pom
2024-04-08 17:01:56,377 [Worker-7: Updating Maven Project] INFO  o.e.m.c.i.e.AbstractTransferListenerAdapter - Downloaded https://repo.maven.apache.org/maven2/org/springframework/spring-jcl/5.3.33/spring-jcl-5.3.33.pom
2024-04-08 17:01:56,393 [Worker-7: Updating Maven Project] INFO  o.e.m.c.i.e.AbstractTransferListenerAdapter - Downloading https://repo.maven.apache.org/maven2/org/springframework/spring-expression/5.3.33/spring-expression-5.3.33.pom
2024-04-08 17:01:56,414 [Worker-7: Updating Maven Project] INFO  o.e.m.c.i.e.AbstractTransferListenerAdapter - Downloaded https://repo.maven.apache.org/maven2/org/springframework/spring-expression/5.3.33/spring-expression-5.3.33.pom
2024-04-08 17:01:56,427 [AetherRepositoryConnector-repo.maven.apache.org-0-4] INFO  o.e.m.c.i.e.AbstractTransferListenerAdapter - Downloading https://repo.maven.apache.org/maven2/org/springframework/spring-jcl/5.3.33/spring-jcl-5.3.33.jar
2024-04-08 17:01:56,430 [AetherRepositoryConnector-repo.maven.apache.org-0-1] INFO  o.e.m.c.i.e.AbstractTransferListenerAdapter - Downloading https://repo.maven.apache.org/maven2/org/springframework/spring-aop/5.3.33/spring-aop-5.3.33.jar
2024-04-08 17:01:56,430 [AetherRepositoryConnector-repo.maven.apache.org-0-3] INFO  o.e.m.c.i.e.AbstractTransferListenerAdapter - Downloading https://repo.maven.apache.org/maven2/org/springframework/spring-core/5.3.33/spring-core-5.3.33.jar
2024-04-08 17:01:56,445 [AetherRepositoryConnector-repo.maven.apache.org-0-0] INFO  o.e.m.c.i.e.AbstractTransferListenerAdapter - Downloading https://repo.maven.apache.org/maven2/org/springframework/spring-context/5.3.33/spring-context-5.3.33.jar
2024-04-08 17:01:56,445 [AetherRepositoryConnector-repo.maven.apache.org-0-2] INFO  o.e.m.c.i.e.AbstractTransferListenerAdapter - Downloading https://repo.maven.apache.org/maven2/org/springframework/spring-beans/5.3.33/spring-beans-5.3.33.jar
2024-04-08 17:01:56,601 [AetherRepositoryConnector-repo.maven.apache.org-0-4] INFO  o.e.m.c.i.e.AbstractTransferListenerAdapter - Downloaded https://repo.maven.apache.org/maven2/org/springframework/spring-jcl/5.3.33/spring-jcl-5.3.33.jar
2024-04-08 17:01:56,601 [AetherRepositoryConnector-repo.maven.apache.org-0-1] INFO  o.e.m.c.i.e.AbstractTransferListenerAdapter - Downloaded https://repo.maven.apache.org/maven2/org/springframework/spring-aop/5.3.33/spring-aop-5.3.33.jar
2024-04-08 17:01:56,633 [AetherRepositoryConnector-repo.maven.apache.org-0-4] INFO  o.e.m.c.i.e.AbstractTransferListenerAdapter - Downloading https://repo.maven.apache.org/maven2/org/springframework/spring-expression/5.3.33/spring-expression-5.3.33.jar
2024-04-08 17:01:56,731 [AetherRepositoryConnector-repo.maven.apache.org-0-2] INFO  o.e.m.c.i.e.AbstractTransferListenerAdapter - Downloaded https://repo.maven.apache.org/maven2/org/springframework/spring-beans/5.3.33/spring-beans-5.3.33.jar
2024-04-08 17:01:56,778 [AetherRepositoryConnector-repo.maven.apache.org-0-4] INFO  o.e.m.c.i.e.AbstractTransferListenerAdapter - Downloaded https://repo.maven.apache.org/maven2/org/springframework/spring-expression/5.3.33/spring-expression-5.3.33.jar
2024-04-08 17:01:56,886 [AetherRepositoryConnector-repo.maven.apache.org-0-0] INFO  o.e.m.c.i.e.AbstractTransferListenerAdapter - Downloaded https://repo.maven.apache.org/maven2/org/springframework/spring-context/5.3.33/spring-context-5.3.33.jar
2024-04-08 17:01:56,894 [AetherRepositoryConnector-repo.maven.apache.org-0-3] INFO  o.e.m.c.i.e.AbstractTransferListenerAdapter - Downloaded https://repo.maven.apache.org/maven2/org/springframework/spring-core/5.3.33/spring-core-5.3.33.jar
2024-04-08 17:01:57,598 [Worker-7: Updating Maven Project] INFO  o.e.m.j.i.AbstractJavaProjectConfigurator - Adding source folder /ch01/src
2024-04-08 17:01:57,599 [Worker-7: Updating Maven Project] INFO  o.e.m.j.i.AbstractJavaProjectConfigurator - Resources folder /ch01/src overlaps with sources folder /ch01/src
2024-04-08 17:01:57,599 [Worker-7: Updating Maven Project] INFO  o.e.m.j.i.AbstractJavaProjectConfigurator - Not adding source folder /ch01/src/test/java because it overlaps with /ch01/src
2024-04-08 17:01:57,828 [Worker-7: Updating Maven Project] INFO  o.e.m.c.i.p.ProjectConfigurationManager - Update completed: 2 sec
2024-04-08 17:01:58,519 [Worker-3: Download sources and javadoc] INFO  o.e.m.c.i.e.AbstractTransferListenerAdapter - Downloading https://repo.maven.apache.org/maven2/org/springframework/spring-context/5.3.33/spring-context-5.3.33-sources.jar
2024-04-08 17:01:58,680 [Worker-3: Download sources and javadoc] INFO  o.e.m.c.i.e.AbstractTransferListenerAdapter - Downloaded https://repo.maven.apache.org/maven2/org/springframework/spring-context/5.3.33/spring-context-5.3.33-sources.jar
2024-04-08 17:01:58,792 [Worker-3: Download sources and javadoc] INFO  o.e.m.j.internal.DownloadSourcesJob - Downloaded sources for org.springframework:spring-context:5.3.33
2024-04-08 17:01:58,815 [Worker-3: Download sources and javadoc] INFO  o.e.m.c.i.e.AbstractTransferListenerAdapter - Downloading https://repo.maven.apache.org/maven2/org/springframework/spring-aop/5.3.33/spring-aop-5.3.33-sources.jar
2024-04-08 17:01:58,870 [Worker-3: Download sources and javadoc] INFO  o.e.m.c.i.e.AbstractTransferListenerAdapter - Downloaded https://repo.maven.apache.org/maven2/org/springframework/spring-aop/5.3.33/spring-aop-5.3.33-sources.jar
2024-04-08 17:01:58,923 [Worker-3: Download sources and javadoc] INFO  o.e.m.j.internal.DownloadSourcesJob - Downloaded sources for org.springframework:spring-aop:5.3.33
2024-04-08 17:01:58,954 [Worker-3: Download sources and javadoc] INFO  o.e.m.c.i.e.AbstractTransferListenerAdapter - Downloading https://repo.maven.apache.org/maven2/org/springframework/spring-beans/5.3.33/spring-beans-5.3.33-sources.jar
2024-04-08 17:01:59,044 [Worker-3: Download sources and javadoc] INFO  o.e.m.c.i.e.AbstractTransferListenerAdapter - Downloaded https://repo.maven.apache.org/maven2/org/springframework/spring-beans/5.3.33/spring-beans-5.3.33-sources.jar
2024-04-08 17:01:59,096 [Worker-3: Download sources and javadoc] INFO  o.e.m.j.internal.DownloadSourcesJob - Downloaded sources for org.springframework:spring-beans:5.3.33
2024-04-08 17:01:59,122 [Worker-3: Download sources and javadoc] INFO  o.e.m.c.i.e.AbstractTransferListenerAdapter - Downloading https://repo.maven.apache.org/maven2/org/springframework/spring-core/5.3.33/spring-core-5.3.33-sources.jar
2024-04-08 17:01:59,241 [Worker-3: Download sources and javadoc] INFO  o.e.m.c.i.e.AbstractTransferListenerAdapter - Downloaded https://repo.maven.apache.org/maven2/org/springframework/spring-core/5.3.33/spring-core-5.3.33-sources.jar
2024-04-08 17:01:59,290 [Worker-3: Download sources and javadoc] INFO  o.e.m.j.internal.DownloadSourcesJob - Downloaded sources for org.springframework:spring-core:5.3.33
2024-04-08 17:01:59,322 [Worker-3: Download sources and javadoc] INFO  o.e.m.c.i.e.AbstractTransferListenerAdapter - Downloading https://repo.maven.apache.org/maven2/org/springframework/spring-jcl/5.3.33/spring-jcl-5.3.33-sources.jar
2024-04-08 17:01:59,399 [Worker-3: Download sources and javadoc] INFO  o.e.m.c.i.e.AbstractTransferListenerAdapter - Downloaded https://repo.maven.apache.org/maven2/org/springframework/spring-jcl/5.3.33/spring-jcl-5.3.33-sources.jar
2024-04-08 17:01:59,496 [Worker-3: Download sources and javadoc] INFO  o.e.m.j.internal.DownloadSourcesJob - Downloaded sources for org.springframework:spring-jcl:5.3.33
2024-04-08 17:01:59,521 [Worker-3: Download sources and javadoc] INFO  o.e.m.c.i.e.AbstractTransferListenerAdapter - Downloading https://repo.maven.apache.org/maven2/org/springframework/spring-expression/5.3.33/spring-expression-5.3.33-sources.jar
2024-04-08 17:01:59,570 [Worker-3: Download sources and javadoc] INFO  o.e.m.c.i.e.AbstractTransferListenerAdapter - Downloaded https://repo.maven.apache.org/maven2/org/springframework/spring-expression/5.3.33/spring-expression-5.3.33-sources.jar
2024-04-08 17:01:59,617 [Worker-3: Download sources and javadoc] INFO  o.e.m.j.internal.DownloadSourcesJob - Downloaded sources for org.springframework:spring-expression:5.3.33
2024-04-08 17:02:14,755 [Worker-12: Launching Program] WARN  o.e.m.c.i.embedder.EclipseLogger - Using platform encoding (MS949 actually) to copy filtered resources, i.e. build is platform dependent!
2024-04-08 17:02:14,760 [Worker-12: Launching Program] INFO  o.e.m.c.i.embedder.EclipseLogger - Copying 1 resource
2024-04-08 17:02:14,769 [Worker-12: Launching Program] WARN  o.e.m.c.i.embedder.EclipseLogger - Using platform encoding (MS949 actually) to copy filtered resources, i.e. build is platform dependent!
2024-04-08 17:02:14,770 [Worker-12: Launching Program] INFO  o.e.m.c.i.embedder.EclipseLogger - skip non existing resourceDirectory C:\spworks\ch01\src\test\resources
2024-04-08 17:29:00,355 [Worker-17: Launching Program] WARN  o.e.m.c.i.embedder.EclipseLogger - Using platform encoding (MS949 actually) to copy filtered resources, i.e. build is platform dependent!
2024-04-08 17:29:00,363 [Worker-17: Launching Program] INFO  o.e.m.c.i.embedder.EclipseLogger - Copying 1 resource
2024-04-08 17:29:00,367 [Worker-17: Launching Program] WARN  o.e.m.c.i.embedder.EclipseLogger - Using platform encoding (MS949 actually) to copy filtered resources, i.e. build is platform dependent!
2024-04-08 17:29:00,368 [Worker-17: Launching Program] INFO  o.e.m.c.i.embedder.EclipseLogger - skip non existing resourceDirectory C:\spworks\ch01\src\test\resources
2024-04-08 17:29:43,139 [Worker-6: Launching Program] WARN  o.e.m.c.i.embedder.EclipseLogger - Using platform encoding (MS949 actually) to copy filtered resources, i.e. build is platform dependent!
2024-04-08 17:29:43,140 [Worker-6: Launching Program] INFO  o.e.m.c.i.embedder.EclipseLogger - Copying 1 resource
2024-04-08 17:29:43,143 [Worker-6: Launching Program] WARN  o.e.m.c.i.embedder.EclipseLogger - Using platform encoding (MS949 actually) to copy filtered resources, i.e. build is platform dependent!
2024-04-08 17:29:43,143 [Worker-6: Launching Program] INFO  o.e.m.c.i.embedder.EclipseLogger - skip non existing resourceDirectory C:\spworks\ch01\src\test\resources
2024-04-08 17:32:28,434 [Worker-19: Launching Program] WARN  o.e.m.c.i.embedder.EclipseLogger - Using platform encoding (MS949 actually) to copy filtered resources, i.e. build is platform dependent!
2024-04-08 17:32:28,437 [Worker-19: Launching Program] INFO  o.e.m.c.i.embedder.EclipseLogger - Copying 1 resource
2024-04-08 17:32:28,440 [Worker-19: Launching Program] WARN  o.e.m.c.i.embedder.EclipseLogger - Using platform encoding (MS949 actually) to copy filtered resources, i.e. build is platform dependent!
2024-04-08 17:32:28,441 [Worker-19: Launching Program] INFO  o.e.m.c.i.embedder.EclipseLogger - skip non existing resourceDirectory C:\spworks\ch01\src\test\resources
2024-04-08 17:35:41,964 [Worker-18: Launching Program] WARN  o.e.m.c.i.embedder.EclipseLogger - Using platform encoding (MS949 actually) to copy filtered resources, i.e. build is platform dependent!
2024-04-08 17:35:41,967 [Worker-18: Launching Program] INFO  o.e.m.c.i.embedder.EclipseLogger - Copying 1 resource
2024-04-08 17:35:41,970 [Worker-18: Launching Program] WARN  o.e.m.c.i.embedder.EclipseLogger - Using platform encoding (MS949 actually) to copy filtered resources, i.e. build is platform dependent!
2024-04-08 17:35:41,972 [Worker-18: Launching Program] INFO  o.e.m.c.i.embedder.EclipseLogger - skip non existing resourceDirectory C:\spworks\ch01\src\test\resources
2024-04-08 17:36:23,634 [Worker-14: Launching Program] WARN  o.e.m.c.i.embedder.EclipseLogger - Using platform encoding (MS949 actually) to copy filtered resources, i.e. build is platform dependent!
2024-04-08 17:36:23,636 [Worker-14: Launching Program] INFO  o.e.m.c.i.embedder.EclipseLogger - Copying 1 resource
2024-04-08 17:36:23,638 [Worker-14: Launching Program] WARN  o.e.m.c.i.embedder.EclipseLogger - Using platform encoding (MS949 actually) to copy filtered resources, i.e. build is platform dependent!
2024-04-08 17:36:23,639 [Worker-14: Launching Program] INFO  o.e.m.c.i.embedder.EclipseLogger - skip non existing resourceDirectory C:\spworks\ch01\src\test\resources
2024-04-08 17:39:20,294 [Worker-18: Launching Program] WARN  o.e.m.c.i.embedder.EclipseLogger - Using platform encoding (MS949 actually) to copy filtered resources, i.e. build is platform dependent!
2024-04-08 17:39:20,295 [Worker-18: Launching Program] INFO  o.e.m.c.i.embedder.EclipseLogger - Copying 1 resource
2024-04-08 17:39:20,297 [Worker-18: Launching Program] WARN  o.e.m.c.i.embedder.EclipseLogger - Using platform encoding (MS949 actually) to copy filtered resources, i.e. build is platform dependent!
2024-04-08 17:39:20,298 [Worker-18: Launching Program] INFO  o.e.m.c.i.embedder.EclipseLogger - skip non existing resourceDirectory C:\spworks\ch01\src\test\resources
2024-04-08 17:40:44,147 [Worker-14: Launching setting.xml] WARN  o.e.m.c.i.embedder.EclipseLogger - Using platform encoding (MS949 actually) to copy filtered resources, i.e. build is platform dependent!
2024-04-08 17:40:44,148 [Worker-14: Launching setting.xml] INFO  o.e.m.c.i.embedder.EclipseLogger - Copying 1 resource
2024-04-08 17:40:44,152 [Worker-14: Launching setting.xml] WARN  o.e.m.c.i.embedder.EclipseLogger - Using platform encoding (MS949 actually) to copy filtered resources, i.e. build is platform dependent!
2024-04-08 17:40:44,153 [Worker-14: Launching setting.xml] INFO  o.e.m.c.i.embedder.EclipseLogger - skip non existing resourceDirectory C:\spworks\ch01\src\test\resources
2024-04-08 17:41:04,931 [Worker-20: Launching setting.xml (1)] WARN  o.e.m.c.i.embedder.EclipseLogger - Using platform encoding (MS949 actually) to copy filtered resources, i.e. build is platform dependent!
2024-04-08 17:41:04,933 [Worker-20: Launching setting.xml (1)] INFO  o.e.m.c.i.embedder.EclipseLogger - Copying 2 resources
2024-04-08 17:41:04,936 [Worker-20: Launching setting.xml (1)] WARN  o.e.m.c.i.embedder.EclipseLogger - Using platform encoding (MS949 actually) to copy filtered resources, i.e. build is platform dependent!
2024-04-08 17:41:04,937 [Worker-20: Launching setting.xml (1)] INFO  o.e.m.c.i.embedder.EclipseLogger - skip non existing resourceDirectory C:\spworks\ch01\src\test\resources
2024-04-08 17:42:04,553 [Worker-21: Launching setting.xml (2)] WARN  o.e.m.c.i.embedder.EclipseLogger - Using platform encoding (MS949 actually) to copy filtered resources, i.e. build is platform dependent!
2024-04-08 17:42:04,554 [Worker-21: Launching setting.xml (2)] INFO  o.e.m.c.i.embedder.EclipseLogger - Copying 2 resources
2024-04-08 17:42:04,558 [Worker-21: Launching setting.xml (2)] WARN  o.e.m.c.i.embedder.EclipseLogger - Using platform encoding (MS949 actually) to copy filtered resources, i.e. build is platform dependent!
2024-04-08 17:42:04,559 [Worker-21: Launching setting.xml (2)] INFO  o.e.m.c.i.embedder.EclipseLogger - skip non existing resourceDirectory C:\spworks\ch01\src\test\resources
2024-04-08 17:42:45,091 [Worker-14: Launching setting.xml (3)] WARN  o.e.m.c.i.embedder.EclipseLogger - Using platform encoding (MS949 actually) to copy filtered resources, i.e. build is platform dependent!
2024-04-08 17:42:45,092 [Worker-14: Launching setting.xml (3)] INFO  o.e.m.c.i.embedder.EclipseLogger - Copying 2 resources
2024-04-08 17:42:45,095 [Worker-14: Launching setting.xml (3)] WARN  o.e.m.c.i.embedder.EclipseLogger - Using platform encoding (MS949 actually) to copy filtered resources, i.e. build is platform dependent!
2024-04-08 17:42:45,096 [Worker-14: Launching setting.xml (3)] INFO  o.e.m.c.i.embedder.EclipseLogger - skip non existing resourceDirectory C:\spworks\ch01\src\test\resources
2024-04-08 17:42:54,609 [Worker-18: Launching setting.xml (3)] WARN  o.e.m.c.i.embedder.EclipseLogger - Using platform encoding (MS949 actually) to copy filtered resources, i.e. build is platform dependent!
2024-04-08 17:42:54,610 [Worker-18: Launching setting.xml (3)] INFO  o.e.m.c.i.embedder.EclipseLogger - Copying 2 resources
2024-04-08 17:42:54,612 [Worker-18: Launching setting.xml (3)] WARN  o.e.m.c.i.embedder.EclipseLogger - Using platform encoding (MS949 actually) to copy filtered resources, i.e. build is platform dependent!
2024-04-08 17:42:54,613 [Worker-18: Launching setting.xml (3)] INFO  o.e.m.c.i.embedder.EclipseLogger - skip non existing resourceDirectory C:\spworks\ch01\src\test\resources
2024-04-08 17:43:54,598 [Worker-22: Launching setting.xml (3)] WARN  o.e.m.c.i.embedder.EclipseLogger - Using platform encoding (MS949 actually) to copy filtered resources, i.e. build is platform dependent!
2024-04-08 17:43:54,599 [Worker-22: Launching setting.xml (3)] INFO  o.e.m.c.i.embedder.EclipseLogger - Copying 2 resources
2024-04-08 17:43:54,601 [Worker-22: Launching setting.xml (3)] WARN  o.e.m.c.i.embedder.EclipseLogger - Using platform encoding (MS949 actually) to copy filtered resources, i.e. build is platform dependent!
2024-04-08 17:43:54,602 [Worker-22: Launching setting.xml (3)] INFO  o.e.m.c.i.embedder.EclipseLogger - skip non existing resourceDirectory C:\spworks\ch01\src\test\resources
2024-04-08 17:44:12,682 [Worker-22: Launching setting.xml (3)] WARN  o.e.m.c.i.embedder.EclipseLogger - Using platform encoding (MS949 actually) to copy filtered resources, i.e. build is platform dependent!
2024-04-08 17:44:12,683 [Worker-22: Launching setting.xml (3)] INFO  o.e.m.c.i.embedder.EclipseLogger - Copying 2 resources
2024-04-08 17:44:12,686 [Worker-22: Launching setting.xml (3)] WARN  o.e.m.c.i.embedder.EclipseLogger - Using platform encoding (MS949 actually) to copy filtered resources, i.e. build is platform dependent!
2024-04-08 17:44:12,687 [Worker-22: Launching setting.xml (3)] INFO  o.e.m.c.i.embedder.EclipseLogger - skip non existing resourceDirectory C:\spworks\ch01\src\test\resources
2024-04-08 17:44:31,599 [Worker-18: Launching setting.xml (3)] WARN  o.e.m.c.i.embedder.EclipseLogger - Using platform encoding (MS949 actually) to copy filtered resources, i.e. build is platform dependent!
2024-04-08 17:44:31,600 [Worker-18: Launching setting.xml (3)] INFO  o.e.m.c.i.embedder.EclipseLogger - Copying 2 resources
2024-04-08 17:44:31,603 [Worker-18: Launching setting.xml (3)] WARN  o.e.m.c.i.embedder.EclipseLogger - Using platform encoding (MS949 actually) to copy filtered resources, i.e. build is platform dependent!
2024-04-08 17:44:31,603 [Worker-18: Launching setting.xml (3)] INFO  o.e.m.c.i.embedder.EclipseLogger - skip non existing resourceDirectory C:\spworks\ch01\src\test\resources
2024-04-08 17:44:57,871 [Worker-24: Launching Program] WARN  o.e.m.c.i.embedder.EclipseLogger - Using platform encoding (MS949 actually) to copy filtered resources, i.e. build is platform dependent!
2024-04-08 17:44:57,872 [Worker-24: Launching Program] INFO  o.e.m.c.i.embedder.EclipseLogger - Copying 2 resources
2024-04-08 17:44:57,875 [Worker-24: Launching Program] WARN  o.e.m.c.i.embedder.EclipseLogger - Using platform encoding (MS949 actually) to copy filtered resources, i.e. build is platform dependent!
2024-04-08 17:44:57,876 [Worker-24: Launching Program] INFO  o.e.m.c.i.embedder.EclipseLogger - skip non existing resourceDirectory C:\spworks\ch01\src\test\resources
2024-04-08 17:45:20,942 [Worker-25: Launching Program] WARN  o.e.m.c.i.embedder.EclipseLogger - Using platform encoding (MS949 actually) to copy filtered resources, i.e. build is platform dependent!
2024-04-08 17:45:20,943 [Worker-25: Launching Program] INFO  o.e.m.c.i.embedder.EclipseLogger - Copying 1 resource
2024-04-08 17:45:20,945 [Worker-25: Launching Program] WARN  o.e.m.c.i.embedder.EclipseLogger - Using platform encoding (MS949 actually) to copy filtered resources, i.e. build is platform dependent!
2024-04-08 17:45:20,945 [Worker-25: Launching Program] INFO  o.e.m.c.i.embedder.EclipseLogger - skip non existing resourceDirectory C:\spworks\ch01\src\test\resources
2024-04-08 17:49:46,579 [Worker-3: Loading available Gradle versions] INFO  o.e.b.c.i.u.g.PublishedGradleVersions - Gradle version information cache is up-to-date. Trying to read.
2024-04-08 18:01:02,955 [Worker-0: Loading available Gradle versions] INFO  o.e.b.c.i.u.g.PublishedGradleVersions - Gradle version information cache is up-to-date. Trying to read.
2024-04-08 18:01:23,514 [Worker-13: Building Workspace] WARN  o.e.m.c.i.embedder.EclipseLogger - Using platform encoding (MS949 actually) to copy filtered resources, i.e. build is platform dependent!
2024-04-08 18:01:23,519 [Worker-13: Building Workspace] INFO  o.e.m.c.i.embedder.EclipseLogger - Copying 2 resources
2024-04-08 18:01:23,529 [Worker-13: Building Workspace] WARN  o.e.m.c.i.embedder.EclipseLogger - Using platform encoding (MS949 actually) to copy filtered resources, i.e. build is platform dependent!
2024-04-08 18:01:23,530 [Worker-13: Building Workspace] INFO  o.e.m.c.i.embedder.EclipseLogger - skip non existing resourceDirectory C:\spworks\ch01\src\test\resources
